<?xml version="1.0" encoding="UTF-8"?>
<!-- Generated by org.testng.reporters.JUnitReportReporter -->
<testsuite hostname="DESKTOP-LN5N0SE" failures="0" tests="1" name="com.HRM.testCase.Tc_001_LoginIntoAppWithValidCred" time="5.946" errors="0" timestamp="2022-01-04T12:58:18 IST" skipped="0">
  <testcase classname="com.HRM.testCase.Tc_001_LoginIntoAppWithValidCred" name="hrm_Login" time="5.946"/>
  <system-out/>
</testsuite> <!-- com.HRM.testCase.Tc_001_LoginIntoAppWithValidCred -->
